25-07-10 00:31:00.595 [main] INFO  o.s.d.r.c.RepositoryConfigurationDelegate - Bootstrapping Spring Data MongoDB repositories in DEFAULT mode. 
25-07-10 00:31:00.648 [main] INFO  o.s.d.r.c.RepositoryConfigurationDelegate - Finished Spring Data repository scanning in 46 ms. Found 2 MongoDB repository interfaces. 
25-07-10 00:31:01.219 [main] INFO  o.s.b.w.e.tomcat.TomcatWebServer - Tomcat initialized with port(s): 8080 (http) 
25-07-10 00:31:01.226 [main] INFO  o.a.coyote.http11.Http11NioProtocol - Initializing ProtocolHandler ["http-nio-8080"] 
25-07-10 00:31:01.227 [main] INFO  o.a.catalina.core.StandardService - Starting service [Tomcat] 
25-07-10 00:31:01.228 [main] INFO  o.a.catalina.core.StandardEngine - Starting Servlet engine: [Apache Tomcat/9.0.80] 
25-07-10 00:31:01.293 [main] INFO  o.a.c.c.C.[Tomcat].[localhost].[/] - Initializing Spring embedded WebApplicationContext 
25-07-10 00:31:01.294 [main] INFO  o.s.b.w.s.c.ServletWebServerApplicationContext - Root WebApplicationContext: initialization completed in 1275 ms 
25-07-10 00:31:01.582 [main] INFO  org.mongodb.driver.client - MongoClient with metadata {"driver": {"name": "mongo-java-driver|sync|spring-boot", "version": "4.6.1"}, "os": {"type": "Windows", "name": "Windows 11", "architecture": "amd64", "version": "10.0"}, "platform": "Java/Microsoft/17.0.15+6-LTS", "application": {"name": "Cluster0"}} created with settings MongoClientSettings{readPreference=primary, writeConcern=WriteConcern{w=majority, wTimeout=null ms, journal=null}, retryWrites=true, retryReads=true, readConcern=ReadConcern{level=null}, credential=MongoCredential{mechanism=null, userName='raturihimanshu077', source='admin', password=<hidden>, mechanismProperties=<hidden>}, streamFactoryFactory=null, commandListeners=[], codecRegistry=ProvidersCodecRegistry{codecProviders=[ValueCodecProvider{}, BsonValueCodecProvider{}, DBRefCodecProvider{}, DBObjectCodecProvider{}, DocumentCodecProvider{}, IterableCodecProvider{}, MapCodecProvider{}, GeoJsonCodecProvider{}, GridFSFileCodecProvider{}, Jsr310CodecProvider{}, JsonObjectCodecProvider{}, BsonCodecProvider{}, EnumCodecProvider{}, com.mongodb.Jep395RecordCodecProvider@3e8799f]}, clusterSettings={hosts=[127.0.0.1:27017], srvHost=cluster0.6ws9j9u.mongodb.net, srvServiceName=mongodb, mode=MULTIPLE, requiredClusterType=REPLICA_SET, requiredReplicaSetName='atlas-ceqyrf-shard-0', serverSelector='null', clusterListeners='[]', serverSelectionTimeout='30000 ms', localThreshold='30000 ms'}, socketSettings=SocketSettings{connectTimeoutMS=10000, readTimeoutMS=0, receiveBufferSize=0, sendBufferSize=0}, heartbeatSocketSettings=SocketSettings{connectTimeoutMS=10000, readTimeoutMS=10000, receiveBufferSize=0, sendBufferSize=0}, connectionPoolSettings=ConnectionPoolSettings{maxSize=100, minSize=0, maxWaitTimeMS=120000, maxConnectionLifeTimeMS=0, maxConnectionIdleTimeMS=0, maintenanceInitialDelayMS=0, maintenanceFrequencyMS=60000, connectionPoolListeners=[], maxConnecting=2}, serverSettings=ServerSettings{heartbeatFrequencyMS=10000, minHeartbeatFrequencyMS=500, serverListeners='[]', serverMonitorListeners='[]'}, sslSettings=SslSettings{enabled=true, invalidHostNameAllowed=false, context=null}, applicationName='Cluster0', compressorList=[], uuidRepresentation=JAVA_LEGACY, serverApi=null, autoEncryptionSettings=null, contextProvider=null} 
25-07-10 00:31:01.639 [cluster-ClusterId{value='686ebc6d5656b7348131d8cd', description='null'}-srv-cluster0.6ws9j9u.mongodb.net] INFO  org.mongodb.driver.cluster - Adding discovered server ac-kqdojm1-shard-00-02.6ws9j9u.mongodb.net:27017 to client view of cluster 
25-07-10 00:31:01.666 [cluster-ClusterId{value='686ebc6d5656b7348131d8cd', description='null'}-srv-cluster0.6ws9j9u.mongodb.net] INFO  org.mongodb.driver.cluster - Adding discovered server ac-kqdojm1-shard-00-01.6ws9j9u.mongodb.net:27017 to client view of cluster 
25-07-10 00:31:01.666 [cluster-ClusterId{value='686ebc6d5656b7348131d8cd', description='null'}-srv-cluster0.6ws9j9u.mongodb.net] INFO  org.mongodb.driver.cluster - Adding discovered server ac-kqdojm1-shard-00-00.6ws9j9u.mongodb.net:27017 to client view of cluster 
25-07-10 00:31:02.003 [main] INFO  org.mongodb.driver.cluster - No server chosen by com.mongodb.client.internal.MongoClientDelegate$1@70997a94 from cluster description ClusterDescription{type=REPLICA_SET, connectionMode=MULTIPLE, serverDescriptions=[ServerDescription{address=ac-kqdojm1-shard-00-02.6ws9j9u.mongodb.net:27017, type=UNKNOWN, state=CONNECTING}, ServerDescription{address=ac-kqdojm1-shard-00-00.6ws9j9u.mongodb.net:27017, type=UNKNOWN, state=CONNECTING}, ServerDescription{address=ac-kqdojm1-shard-00-01.6ws9j9u.mongodb.net:27017, type=UNKNOWN, state=CONNECTING}]}. Waiting for 30000 ms before timing out 
25-07-10 00:31:02.187 [cluster-ClusterId{value='686ebc6d5656b7348131d8cd', description='null'}-ac-kqdojm1-shard-00-00.6ws9j9u.mongodb.net:27017] INFO  org.mongodb.driver.connection - Opened connection [connectionId{localValue:5, serverValue:222461}] to ac-kqdojm1-shard-00-00.6ws9j9u.mongodb.net:27017 
25-07-10 00:31:02.187 [cluster-ClusterId{value='686ebc6d5656b7348131d8cd', description='null'}-ac-kqdojm1-shard-00-02.6ws9j9u.mongodb.net:27017] INFO  org.mongodb.driver.connection - Opened connection [connectionId{localValue:2, serverValue:216319}] to ac-kqdojm1-shard-00-02.6ws9j9u.mongodb.net:27017 
25-07-10 00:31:02.187 [cluster-rtt-ClusterId{value='686ebc6d5656b7348131d8cd', description='null'}-ac-kqdojm1-shard-00-02.6ws9j9u.mongodb.net:27017] INFO  org.mongodb.driver.connection - Opened connection [connectionId{localValue:1, serverValue:216319}] to ac-kqdojm1-shard-00-02.6ws9j9u.mongodb.net:27017 
25-07-10 00:31:02.187 [cluster-rtt-ClusterId{value='686ebc6d5656b7348131d8cd', description='null'}-ac-kqdojm1-shard-00-01.6ws9j9u.mongodb.net:27017] INFO  org.mongodb.driver.connection - Opened connection [connectionId{localValue:4, serverValue:228303}] to ac-kqdojm1-shard-00-01.6ws9j9u.mongodb.net:27017 
25-07-10 00:31:02.187 [cluster-ClusterId{value='686ebc6d5656b7348131d8cd', description='null'}-ac-kqdojm1-shard-00-01.6ws9j9u.mongodb.net:27017] INFO  org.mongodb.driver.connection - Opened connection [connectionId{localValue:6, serverValue:228303}] to ac-kqdojm1-shard-00-01.6ws9j9u.mongodb.net:27017 
25-07-10 00:31:02.187 [cluster-rtt-ClusterId{value='686ebc6d5656b7348131d8cd', description='null'}-ac-kqdojm1-shard-00-00.6ws9j9u.mongodb.net:27017] INFO  org.mongodb.driver.connection - Opened connection [connectionId{localValue:3, serverValue:222470}] to ac-kqdojm1-shard-00-00.6ws9j9u.mongodb.net:27017 
25-07-10 00:31:02.188 [cluster-ClusterId{value='686ebc6d5656b7348131d8cd', description='null'}-ac-kqdojm1-shard-00-00.6ws9j9u.mongodb.net:27017] INFO  org.mongodb.driver.cluster - Monitor thread successfully connected to server with description ServerDescription{address=ac-kqdojm1-shard-00-00.6ws9j9u.mongodb.net:27017, type=REPLICA_SET_SECONDARY, state=CONNECTED, ok=true, minWireVersion=0, maxWireVersion=25, maxDocumentSize=16777216, logicalSessionTimeoutMinutes=30, roundTripTimeNanos=250572400, setName='atlas-ceqyrf-shard-0', canonicalAddress=ac-kqdojm1-shard-00-00.6ws9j9u.mongodb.net:27017, hosts=[ac-kqdojm1-shard-00-02.6ws9j9u.mongodb.net:27017, ac-kqdojm1-shard-00-01.6ws9j9u.mongodb.net:27017, ac-kqdojm1-shard-00-00.6ws9j9u.mongodb.net:27017], passives=[], arbiters=[], primary='ac-kqdojm1-shard-00-01.6ws9j9u.mongodb.net:27017', tagSet=TagSet{[Tag{name='availabilityZone', value='aps1-az1'}, Tag{name='diskState', value='READY'}, Tag{name='nodeType', value='ELECTABLE'}, Tag{name='provider', value='AWS'}, Tag{name='region', value='AP_SOUTH_1'}, Tag{name='workloadType', value='OPERATIONAL'}]}, electionId=null, setVersion=1, topologyVersion=TopologyVersion{processId=68641d9e77e7319a4a8819a4, counter=4}, lastWriteDate=Thu Jul 10 00:31:24 IST 2025, lastUpdateTimeNanos=13547380156800} 
25-07-10 00:31:02.188 [cluster-ClusterId{value='686ebc6d5656b7348131d8cd', description='null'}-ac-kqdojm1-shard-00-02.6ws9j9u.mongodb.net:27017] INFO  org.mongodb.driver.cluster - Monitor thread successfully connected to server with description ServerDescription{address=ac-kqdojm1-shard-00-02.6ws9j9u.mongodb.net:27017, type=REPLICA_SET_SECONDARY, state=CONNECTED, ok=true, minWireVersion=0, maxWireVersion=25, maxDocumentSize=16777216, logicalSessionTimeoutMinutes=30, roundTripTimeNanos=250058600, setName='atlas-ceqyrf-shard-0', canonicalAddress=ac-kqdojm1-shard-00-02.6ws9j9u.mongodb.net:27017, hosts=[ac-kqdojm1-shard-00-02.6ws9j9u.mongodb.net:27017, ac-kqdojm1-shard-00-01.6ws9j9u.mongodb.net:27017, ac-kqdojm1-shard-00-00.6ws9j9u.mongodb.net:27017], passives=[], arbiters=[], primary='ac-kqdojm1-shard-00-01.6ws9j9u.mongodb.net:27017', tagSet=TagSet{[Tag{name='availabilityZone', value='aps1-az2'}, Tag{name='diskState', value='READY'}, Tag{name='nodeType', value='ELECTABLE'}, Tag{name='provider', value='AWS'}, Tag{name='region', value='AP_SOUTH_1'}, Tag{name='workloadType', value='OPERATIONAL'}]}, electionId=null, setVersion=1, topologyVersion=TopologyVersion{processId=6864232b9659e01ac6937b2c, counter=3}, lastWriteDate=Thu Jul 10 00:31:24 IST 2025, lastUpdateTimeNanos=13547380156600} 
25-07-10 00:31:02.188 [cluster-ClusterId{value='686ebc6d5656b7348131d8cd', description='null'}-ac-kqdojm1-shard-00-01.6ws9j9u.mongodb.net:27017] INFO  org.mongodb.driver.cluster - Monitor thread successfully connected to server with description ServerDescription{address=ac-kqdojm1-shard-00-01.6ws9j9u.mongodb.net:27017, type=REPLICA_SET_PRIMARY, state=CONNECTED, ok=true, minWireVersion=0, maxWireVersion=25, maxDocumentSize=16777216, logicalSessionTimeoutMinutes=30, roundTripTimeNanos=250572000, setName='atlas-ceqyrf-shard-0', canonicalAddress=ac-kqdojm1-shard-00-01.6ws9j9u.mongodb.net:27017, hosts=[ac-kqdojm1-shard-00-02.6ws9j9u.mongodb.net:27017, ac-kqdojm1-shard-00-01.6ws9j9u.mongodb.net:27017, ac-kqdojm1-shard-00-00.6ws9j9u.mongodb.net:27017], passives=[], arbiters=[], primary='ac-kqdojm1-shard-00-01.6ws9j9u.mongodb.net:27017', tagSet=TagSet{[Tag{name='availabilityZone', value='aps1-az3'}, Tag{name='diskState', value='READY'}, Tag{name='nodeType', value='ELECTABLE'}, Tag{name='provider', value='AWS'}, Tag{name='region', value='AP_SOUTH_1'}, Tag{name='workloadType', value='OPERATIONAL'}]}, electionId=7fffffff0000000000000094, setVersion=1, topologyVersion=TopologyVersion{processId=6864205344b55ddf5b3fa234, counter=6}, lastWriteDate=Thu Jul 10 00:31:24 IST 2025, lastUpdateTimeNanos=13547380156700} 
25-07-10 00:31:02.193 [cluster-ClusterId{value='686ebc6d5656b7348131d8cd', description='null'}-ac-kqdojm1-shard-00-01.6ws9j9u.mongodb.net:27017] INFO  org.mongodb.driver.cluster - Setting max election id to 7fffffff0000000000000094 from replica set primary ac-kqdojm1-shard-00-01.6ws9j9u.mongodb.net:27017 
25-07-10 00:31:02.194 [cluster-ClusterId{value='686ebc6d5656b7348131d8cd', description='null'}-ac-kqdojm1-shard-00-01.6ws9j9u.mongodb.net:27017] INFO  org.mongodb.driver.cluster - Setting max set version to 1 from replica set primary ac-kqdojm1-shard-00-01.6ws9j9u.mongodb.net:27017 
25-07-10 00:31:02.194 [cluster-ClusterId{value='686ebc6d5656b7348131d8cd', description='null'}-ac-kqdojm1-shard-00-01.6ws9j9u.mongodb.net:27017] INFO  org.mongodb.driver.cluster - Discovered replica set primary ac-kqdojm1-shard-00-01.6ws9j9u.mongodb.net:27017 
25-07-10 00:31:02.419 [main] INFO  org.mongodb.driver.connection - Opened connection [connectionId{localValue:7, serverValue:228228}] to ac-kqdojm1-shard-00-01.6ws9j9u.mongodb.net:27017 
25-07-10 00:31:03.073 [main] INFO  o.s.s.web.DefaultSecurityFilterChain - Will secure any request with [org.springframework.security.web.session.DisableEncodeUrlFilter@7574d4ad, org.springframework.security.web.context.request.async.WebAsyncManagerIntegrationFilter@7bede4ea, org.springframework.security.web.context.SecurityContextPersistenceFilter@24691c5, org.springframework.security.web.header.HeaderWriterFilter@2e2f20b8, org.springframework.security.web.authentication.logout.LogoutFilter@383cdd4d, org.springframework.security.web.authentication.www.BasicAuthenticationFilter@5873f3f0, org.springframework.security.web.savedrequest.RequestCacheAwareFilter@6537ac, org.springframework.security.web.servletapi.SecurityContextHolderAwareRequestFilter@5cc1bf20, org.springframework.security.web.authentication.AnonymousAuthenticationFilter@713999c2, org.springframework.security.web.session.SessionManagementFilter@6bcdd6e4, org.springframework.security.web.access.ExceptionTranslationFilter@22048bd6, org.springframework.security.web.access.intercept.FilterSecurityInterceptor@643ecfef] 
25-07-10 00:31:03.601 [main] INFO  o.a.coyote.http11.Http11NioProtocol - Starting ProtocolHandler ["http-nio-8080"] 
25-07-10 00:31:03.627 [main] INFO  o.s.b.w.e.tomcat.TomcatWebServer - Tomcat started on port(s): 8080 (http) with context path '' 
25-07-10 00:31:03.636 [main] INFO  n.e.journalApp.JournalApplication - Started JournalApplication in 4.145 seconds (JVM running for 4.636) 
25-07-10 00:31:41.751 [http-nio-8080-exec-2] INFO  o.a.c.c.C.[Tomcat].[localhost].[/] - Initializing Spring DispatcherServlet 'dispatcherServlet' 
25-07-10 00:31:41.752 [http-nio-8080-exec-2] INFO  o.s.web.servlet.DispatcherServlet - Initializing Servlet 'dispatcherServlet' 
25-07-10 00:31:41.753 [http-nio-8080-exec-2] INFO  o.s.web.servlet.DispatcherServlet - Completed initialization in 1 ms 
25-07-10 00:31:41.848 [http-nio-8080-exec-2] ERROR n.e.journalApp.services.EmailService - Exception while sendEmail  
org.springframework.mail.MailSendException: Mail server connection failed; nested exception is javax.mail.NoSuchProviderException: smtp. Failed messages: javax.mail.NoSuchProviderException: smtp
	at org.springframework.mail.javamail.JavaMailSenderImpl.doSend(JavaMailSenderImpl.java:448)
	at org.springframework.mail.javamail.JavaMailSenderImpl.send(JavaMailSenderImpl.java:323)
	at org.springframework.mail.javamail.JavaMailSenderImpl.send(JavaMailSenderImpl.java:312)
	at net.engineeringdigest.journalApp.services.EmailService.sendEmail(EmailService.java:23)
	at net.engineeringdigest.journalApp.controller.PublicController.sendMail(PublicController.java:38)
	at java.base/jdk.internal.reflect.NativeMethodAccessorImpl.invoke0(Native Method)
	at java.base/jdk.internal.reflect.NativeMethodAccessorImpl.invoke(NativeMethodAccessorImpl.java:77)
	at java.base/jdk.internal.reflect.DelegatingMethodAccessorImpl.invoke(DelegatingMethodAccessorImpl.java:43)
	at java.base/java.lang.reflect.Method.invoke(Method.java:569)
	at org.springframework.web.method.support.InvocableHandlerMethod.doInvoke(InvocableHandlerMethod.java:205)
	at org.springframework.web.method.support.InvocableHandlerMethod.invokeForRequest(InvocableHandlerMethod.java:150)
	at org.springframework.web.servlet.mvc.method.annotation.ServletInvocableHandlerMethod.invokeAndHandle(ServletInvocableHandlerMethod.java:117)
	at org.springframework.web.servlet.mvc.method.annotation.RequestMappingHandlerAdapter.invokeHandlerMethod(RequestMappingHandlerAdapter.java:895)
	at org.springframework.web.servlet.mvc.method.annotation.RequestMappingHandlerAdapter.handleInternal(RequestMappingHandlerAdapter.java:808)
	at org.springframework.web.servlet.mvc.method.AbstractHandlerMethodAdapter.handle(AbstractHandlerMethodAdapter.java:87)
	at org.springframework.web.servlet.DispatcherServlet.doDispatch(DispatcherServlet.java:1072)
	at org.springframework.web.servlet.DispatcherServlet.doService(DispatcherServlet.java:965)
	at org.springframework.web.servlet.FrameworkServlet.processRequest(FrameworkServlet.java:1006)
	at org.springframework.web.servlet.FrameworkServlet.doGet(FrameworkServlet.java:898)
	at javax.servlet.http.HttpServlet.service(HttpServlet.java:529)
	at org.springframework.web.servlet.FrameworkServlet.service(FrameworkServlet.java:883)
	at javax.servlet.http.HttpServlet.service(HttpServlet.java:623)
	at org.apache.catalina.core.ApplicationFilterChain.internalDoFilter(ApplicationFilterChain.java:209)
	at org.apache.catalina.core.ApplicationFilterChain.doFilter(ApplicationFilterChain.java:153)
	at org.apache.tomcat.websocket.server.WsFilter.doFilter(WsFilter.java:51)
	at org.apache.catalina.core.ApplicationFilterChain.internalDoFilter(ApplicationFilterChain.java:178)
	at org.apache.catalina.core.ApplicationFilterChain.doFilter(ApplicationFilterChain.java:153)
	at org.springframework.security.web.FilterChainProxy$VirtualFilterChain.doFilter(FilterChainProxy.java:337)
	at org.springframework.security.web.access.intercept.FilterSecurityInterceptor.invoke(FilterSecurityInterceptor.java:115)
	at org.springframework.security.web.access.intercept.FilterSecurityInterceptor.doFilter(FilterSecurityInterceptor.java:81)
	at org.springframework.security.web.FilterChainProxy$VirtualFilterChain.doFilter(FilterChainProxy.java:346)
	at org.springframework.security.web.access.ExceptionTranslationFilter.doFilter(ExceptionTranslationFilter.java:122)
	at org.springframework.security.web.access.ExceptionTranslationFilter.doFilter(ExceptionTranslationFilter.java:116)
	at org.springframework.security.web.FilterChainProxy$VirtualFilterChain.doFilter(FilterChainProxy.java:346)
	at org.springframework.security.web.session.SessionManagementFilter.doFilter(SessionManagementFilter.java:126)
	at org.springframework.security.web.session.SessionManagementFilter.doFilter(SessionManagementFilter.java:81)
	at org.springframework.security.web.FilterChainProxy$VirtualFilterChain.doFilter(FilterChainProxy.java:346)
	at org.springframework.security.web.authentication.AnonymousAuthenticationFilter.doFilter(AnonymousAuthenticationFilter.java:109)
	at org.springframework.security.web.FilterChainProxy$VirtualFilterChain.doFilter(FilterChainProxy.java:346)
	at org.springframework.security.web.servletapi.SecurityContextHolderAwareRequestFilter.doFilter(SecurityContextHolderAwareRequestFilter.java:149)
	at org.springframework.security.web.FilterChainProxy$VirtualFilterChain.doFilter(FilterChainProxy.java:346)
	at org.springframework.security.web.savedrequest.RequestCacheAwareFilter.doFilter(RequestCacheAwareFilter.java:63)
	at org.springframework.security.web.FilterChainProxy$VirtualFilterChain.doFilter(FilterChainProxy.java:346)
	at org.springframework.security.web.authentication.www.BasicAuthenticationFilter.doFilterInternal(BasicAuthenticationFilter.java:164)
	at org.springframework.web.filter.OncePerRequestFilter.doFilter(OncePerRequestFilter.java:117)
	at org.springframework.security.web.FilterChainProxy$VirtualFilterChain.doFilter(FilterChainProxy.java:346)
	at org.springframework.security.web.authentication.logout.LogoutFilter.doFilter(LogoutFilter.java:103)
	at org.springframework.security.web.authentication.logout.LogoutFilter.doFilter(LogoutFilter.java:89)
	at org.springframework.security.web.FilterChainProxy$VirtualFilterChain.doFilter(FilterChainProxy.java:346)
	at org.springframework.security.web.header.HeaderWriterFilter.doHeadersAfter(HeaderWriterFilter.java:90)
	at org.springframework.security.web.header.HeaderWriterFilter.doFilterInternal(HeaderWriterFilter.java:75)
	at org.springframework.web.filter.OncePerRequestFilter.doFilter(OncePerRequestFilter.java:117)
	at org.springframework.security.web.FilterChainProxy$VirtualFilterChain.doFilter(FilterChainProxy.java:346)
	at org.springframework.security.web.context.SecurityContextPersistenceFilter.doFilter(SecurityContextPersistenceFilter.java:112)
	at org.springframework.security.web.context.SecurityContextPersistenceFilter.doFilter(SecurityContextPersistenceFilter.java:82)
	at org.springframework.security.web.FilterChainProxy$VirtualFilterChain.doFilter(FilterChainProxy.java:346)
	at org.springframework.security.web.context.request.async.WebAsyncManagerIntegrationFilter.doFilterInternal(WebAsyncManagerIntegrationFilter.java:55)
	at org.springframework.web.filter.OncePerRequestFilter.doFilter(OncePerRequestFilter.java:117)
	at org.springframework.security.web.FilterChainProxy$VirtualFilterChain.doFilter(FilterChainProxy.java:346)
	at org.springframework.security.web.session.DisableEncodeUrlFilter.doFilterInternal(DisableEncodeUrlFilter.java:42)
	at org.springframework.web.filter.OncePerRequestFilter.doFilter(OncePerRequestFilter.java:117)
	at org.springframework.security.web.FilterChainProxy$VirtualFilterChain.doFilter(FilterChainProxy.java:346)
	at org.springframework.security.web.FilterChainProxy.doFilterInternal(FilterChainProxy.java:221)
	at org.springframework.security.web.FilterChainProxy.doFilter(FilterChainProxy.java:186)
	at org.springframework.web.filter.DelegatingFilterProxy.invokeDelegate(DelegatingFilterProxy.java:354)
	at org.springframework.web.filter.DelegatingFilterProxy.doFilter(DelegatingFilterProxy.java:267)
	at org.apache.catalina.core.ApplicationFilterChain.internalDoFilter(ApplicationFilterChain.java:178)
	at org.apache.catalina.core.ApplicationFilterChain.doFilter(ApplicationFilterChain.java:153)
	at org.springframework.web.filter.RequestContextFilter.doFilterInternal(RequestContextFilter.java:100)
	at org.springframework.web.filter.OncePerRequestFilter.doFilter(OncePerRequestFilter.java:117)
	at org.apache.catalina.core.ApplicationFilterChain.internalDoFilter(ApplicationFilterChain.java:178)
	at org.apache.catalina.core.ApplicationFilterChain.doFilter(ApplicationFilterChain.java:153)
	at org.springframework.web.filter.FormContentFilter.doFilterInternal(FormContentFilter.java:93)
	at org.springframework.web.filter.OncePerRequestFilter.doFilter(OncePerRequestFilter.java:117)
	at org.apache.catalina.core.ApplicationFilterChain.internalDoFilter(ApplicationFilterChain.java:178)
	at org.apache.catalina.core.ApplicationFilterChain.doFilter(ApplicationFilterChain.java:153)
	at org.springframework.web.filter.CharacterEncodingFilter.doFilterInternal(CharacterEncodingFilter.java:201)
	at org.springframework.web.filter.OncePerRequestFilter.doFilter(OncePerRequestFilter.java:117)
	at org.apache.catalina.core.ApplicationFilterChain.internalDoFilter(ApplicationFilterChain.java:178)
	at org.apache.catalina.core.ApplicationFilterChain.doFilter(ApplicationFilterChain.java:153)
	at org.apache.catalina.core.StandardWrapperValve.invoke(StandardWrapperValve.java:168)
	at org.apache.catalina.core.StandardContextValve.invoke(StandardContextValve.java:90)
	at org.apache.catalina.authenticator.AuthenticatorBase.invoke(AuthenticatorBase.java:481)
	at org.apache.catalina.core.StandardHostValve.invoke(StandardHostValve.java:130)
	at org.apache.catalina.valves.ErrorReportValve.invoke(ErrorReportValve.java:93)
	at org.apache.catalina.core.StandardEngineValve.invoke(StandardEngineValve.java:74)
	at org.apache.catalina.connector.CoyoteAdapter.service(CoyoteAdapter.java:343)
	at org.apache.coyote.http11.Http11Processor.service(Http11Processor.java:390)
	at org.apache.coyote.AbstractProcessorLight.process(AbstractProcessorLight.java:63)
	at org.apache.coyote.AbstractProtocol$ConnectionHandler.process(AbstractProtocol.java:926)
	at org.apache.tomcat.util.net.NioEndpoint$SocketProcessor.doRun(NioEndpoint.java:1790)
	at org.apache.tomcat.util.net.SocketProcessorBase.run(SocketProcessorBase.java:52)
	at org.apache.tomcat.util.threads.ThreadPoolExecutor.runWorker(ThreadPoolExecutor.java:1191)
	at org.apache.tomcat.util.threads.ThreadPoolExecutor$Worker.run(ThreadPoolExecutor.java:659)
	at org.apache.tomcat.util.threads.TaskThread$WrappingRunnable.run(TaskThread.java:61)
	at java.base/java.lang.Thread.run(Thread.java:840)
Caused by: javax.mail.NoSuchProviderException: smtp
	at javax.mail.Session.getService(Session.java:782)
	at javax.mail.Session.getTransport(Session.java:708)
	at javax.mail.Session.getTransport(Session.java:651)
	at javax.mail.Session.getTransport(Session.java:631)
	at org.springframework.mail.javamail.JavaMailSenderImpl.getTransport(JavaMailSenderImpl.java:538)
	at org.springframework.mail.javamail.JavaMailSenderImpl.connectTransport(JavaMailSenderImpl.java:517)
	at org.springframework.mail.javamail.JavaMailSenderImpl.doSend(JavaMailSenderImpl.java:437)
	... 95 common frames omitted
