25-07-10 13:36:48.885 [cluster-ClusterId{value='686f72f383aa204066bd6fcf', description='null'}-ac-kqdojm1-shard-00-01.6ws9j9u.mongodb.net:27017] INFO  org.mongodb.driver.cluster - Exception in monitor thread while connecting to server ac-kqdojm1-shard-00-01.6ws9j9u.mongodb.net:27017 
com.mongodb.MongoSocketReadTimeoutException: Timeout while receiving message
	at com.mongodb.internal.connection.InternalStreamConnection.translateReadException(InternalStreamConnection.java:696)
	at com.mongodb.internal.connection.InternalStreamConnection.receiveMessageWithAdditionalTimeout(InternalStreamConnection.java:574)
	at com.mongodb.internal.connection.InternalStreamConnection.receiveCommandMessageResponse(InternalStreamConnection.java:410)
	at com.mongodb.internal.connection.InternalStreamConnection.receive(InternalStreamConnection.java:369)
	at com.mongodb.internal.connection.DefaultServerMonitor$ServerMonitorRunnable.lookupServerDescription(DefaultServerMonitor.java:221)
	at com.mongodb.internal.connection.DefaultServerMonitor$ServerMonitorRunnable.run(DefaultServerMonitor.java:157)
	at java.base/java.lang.Thread.run(Thread.java:840)
Caused by: java.net.SocketTimeoutException: Read timed out
	at java.base/sun.nio.ch.NioSocketImpl.timedRead(NioSocketImpl.java:288)
	at java.base/sun.nio.ch.NioSocketImpl.implRead(NioSocketImpl.java:314)
	at java.base/sun.nio.ch.NioSocketImpl.read(NioSocketImpl.java:355)
	at java.base/sun.nio.ch.NioSocketImpl$1.read(NioSocketImpl.java:808)
	at java.base/java.net.Socket$SocketInputStream.read(Socket.java:966)
	at java.base/sun.security.ssl.SSLSocketInputRecord.read(SSLSocketInputRecord.java:484)
	at java.base/sun.security.ssl.SSLSocketInputRecord.readHeader(SSLSocketInputRecord.java:478)
	at java.base/sun.security.ssl.SSLSocketInputRecord.bytesInCompletePacket(SSLSocketInputRecord.java:70)
	at java.base/sun.security.ssl.SSLSocketImpl.readApplicationRecord(SSLSocketImpl.java:1465)
	at java.base/sun.security.ssl.SSLSocketImpl$AppInputStream.read(SSLSocketImpl.java:1069)
	at com.mongodb.internal.connection.SocketStream.read(SocketStream.java:110)
	at com.mongodb.internal.connection.SocketStream.read(SocketStream.java:135)
	at com.mongodb.internal.connection.InternalStreamConnection.receiveResponseBuffers(InternalStreamConnection.java:713)
	at com.mongodb.internal.connection.InternalStreamConnection.receiveMessageWithAdditionalTimeout(InternalStreamConnection.java:571)
	... 5 common frames omitted
25-07-10 13:36:48.885 [cluster-ClusterId{value='686f72f383aa204066bd6fcf', description='null'}-ac-kqdojm1-shard-00-00.6ws9j9u.mongodb.net:27017] INFO  org.mongodb.driver.cluster - Exception in monitor thread while connecting to server ac-kqdojm1-shard-00-00.6ws9j9u.mongodb.net:27017 
com.mongodb.MongoSocketReadTimeoutException: Timeout while receiving message
	at com.mongodb.internal.connection.InternalStreamConnection.translateReadException(InternalStreamConnection.java:696)
	at com.mongodb.internal.connection.InternalStreamConnection.receiveMessageWithAdditionalTimeout(InternalStreamConnection.java:574)
	at com.mongodb.internal.connection.InternalStreamConnection.receiveCommandMessageResponse(InternalStreamConnection.java:410)
	at com.mongodb.internal.connection.InternalStreamConnection.receive(InternalStreamConnection.java:369)
	at com.mongodb.internal.connection.DefaultServerMonitor$ServerMonitorRunnable.lookupServerDescription(DefaultServerMonitor.java:221)
	at com.mongodb.internal.connection.DefaultServerMonitor$ServerMonitorRunnable.run(DefaultServerMonitor.java:157)
	at java.base/java.lang.Thread.run(Thread.java:840)
Caused by: java.net.SocketTimeoutException: Read timed out
	at java.base/sun.nio.ch.NioSocketImpl.timedRead(NioSocketImpl.java:288)
	at java.base/sun.nio.ch.NioSocketImpl.implRead(NioSocketImpl.java:314)
	at java.base/sun.nio.ch.NioSocketImpl.read(NioSocketImpl.java:355)
	at java.base/sun.nio.ch.NioSocketImpl$1.read(NioSocketImpl.java:808)
	at java.base/java.net.Socket$SocketInputStream.read(Socket.java:966)
	at java.base/sun.security.ssl.SSLSocketInputRecord.read(SSLSocketInputRecord.java:484)
	at java.base/sun.security.ssl.SSLSocketInputRecord.readHeader(SSLSocketInputRecord.java:478)
	at java.base/sun.security.ssl.SSLSocketInputRecord.bytesInCompletePacket(SSLSocketInputRecord.java:70)
	at java.base/sun.security.ssl.SSLSocketImpl.readApplicationRecord(SSLSocketImpl.java:1465)
	at java.base/sun.security.ssl.SSLSocketImpl$AppInputStream.read(SSLSocketImpl.java:1069)
	at com.mongodb.internal.connection.SocketStream.read(SocketStream.java:110)
	at com.mongodb.internal.connection.SocketStream.read(SocketStream.java:135)
	at com.mongodb.internal.connection.InternalStreamConnection.receiveResponseBuffers(InternalStreamConnection.java:713)
	at com.mongodb.internal.connection.InternalStreamConnection.receiveMessageWithAdditionalTimeout(InternalStreamConnection.java:571)
	... 5 common frames omitted
25-07-10 13:36:52.093 [cluster-ClusterId{value='686f72f383aa204066bd6fcf', description='null'}-ac-kqdojm1-shard-00-00.6ws9j9u.mongodb.net:27017] INFO  org.mongodb.driver.connection - Opened connection [connectionId{localValue:9, serverValue:233582}] to ac-kqdojm1-shard-00-00.6ws9j9u.mongodb.net:27017 
25-07-10 13:36:52.094 [cluster-ClusterId{value='686f72f383aa204066bd6fcf', description='null'}-ac-kqdojm1-shard-00-00.6ws9j9u.mongodb.net:27017] INFO  org.mongodb.driver.cluster - Monitor thread successfully connected to server with description ServerDescription{address=ac-kqdojm1-shard-00-00.6ws9j9u.mongodb.net:27017, type=REPLICA_SET_SECONDARY, state=CONNECTED, ok=true, minWireVersion=0, maxWireVersion=25, maxDocumentSize=16777216, logicalSessionTimeoutMinutes=30, roundTripTimeNanos=78495400, setName='atlas-ceqyrf-shard-0', canonicalAddress=ac-kqdojm1-shard-00-00.6ws9j9u.mongodb.net:27017, hosts=[ac-kqdojm1-shard-00-02.6ws9j9u.mongodb.net:27017, ac-kqdojm1-shard-00-01.6ws9j9u.mongodb.net:27017, ac-kqdojm1-shard-00-00.6ws9j9u.mongodb.net:27017], passives=[], arbiters=[], primary='ac-kqdojm1-shard-00-01.6ws9j9u.mongodb.net:27017', tagSet=TagSet{[Tag{name='availabilityZone', value='aps1-az1'}, Tag{name='diskState', value='READY'}, Tag{name='nodeType', value='ELECTABLE'}, Tag{name='provider', value='AWS'}, Tag{name='region', value='AP_SOUTH_1'}, Tag{name='workloadType', value='OPERATIONAL'}]}, electionId=null, setVersion=1, topologyVersion=TopologyVersion{processId=68641d9e77e7319a4a8819a4, counter=4}, lastWriteDate=Thu Jul 10 13:37:14 IST 2025, lastUpdateTimeNanos=16787266177400} 
25-07-10 13:36:52.125 [cluster-ClusterId{value='686f72f383aa204066bd6fcf', description='null'}-ac-kqdojm1-shard-00-01.6ws9j9u.mongodb.net:27017] INFO  org.mongodb.driver.connection - Opened connection [connectionId{localValue:8, serverValue:239610}] to ac-kqdojm1-shard-00-01.6ws9j9u.mongodb.net:27017 
25-07-10 13:36:52.126 [cluster-ClusterId{value='686f72f383aa204066bd6fcf', description='null'}-ac-kqdojm1-shard-00-01.6ws9j9u.mongodb.net:27017] INFO  org.mongodb.driver.cluster - Monitor thread successfully connected to server with description ServerDescription{address=ac-kqdojm1-shard-00-01.6ws9j9u.mongodb.net:27017, type=REPLICA_SET_PRIMARY, state=CONNECTED, ok=true, minWireVersion=0, maxWireVersion=25, maxDocumentSize=16777216, logicalSessionTimeoutMinutes=30, roundTripTimeNanos=103510200, setName='atlas-ceqyrf-shard-0', canonicalAddress=ac-kqdojm1-shard-00-01.6ws9j9u.mongodb.net:27017, hosts=[ac-kqdojm1-shard-00-02.6ws9j9u.mongodb.net:27017, ac-kqdojm1-shard-00-01.6ws9j9u.mongodb.net:27017, ac-kqdojm1-shard-00-00.6ws9j9u.mongodb.net:27017], passives=[], arbiters=[], primary='ac-kqdojm1-shard-00-01.6ws9j9u.mongodb.net:27017', tagSet=TagSet{[Tag{name='availabilityZone', value='aps1-az3'}, Tag{name='diskState', value='READY'}, Tag{name='nodeType', value='ELECTABLE'}, Tag{name='provider', value='AWS'}, Tag{name='region', value='AP_SOUTH_1'}, Tag{name='workloadType', value='OPERATIONAL'}]}, electionId=7fffffff0000000000000094, setVersion=1, topologyVersion=TopologyVersion{processId=6864205344b55ddf5b3fa234, counter=6}, lastWriteDate=Thu Jul 10 13:37:14 IST 2025, lastUpdateTimeNanos=16787298072400} 
25-07-10 13:36:52.127 [cluster-ClusterId{value='686f72f383aa204066bd6fcf', description='null'}-ac-kqdojm1-shard-00-01.6ws9j9u.mongodb.net:27017] INFO  org.mongodb.driver.cluster - Discovered replica set primary ac-kqdojm1-shard-00-01.6ws9j9u.mongodb.net:27017 
